Copyright 1986-2019 Xilinx, Inc. All Rights Reserved.
------------------------------------------------------------------------------------
| Tool Version : Vivado v.2019.2 (win64) Build 2708876 Wed Nov  6 21:40:23 MST 2019
| Date         : Mon Aug 24 13:18:39 2020
| Host         : LAPTOP-5KE3GPT6 running 64-bit major release  (build 9200)
| Command      : upgrade_ip
| Device       : xc7a200tfbg484-1
------------------------------------------------------------------------------------

Upgrade Log for IP 'kws_0'

1. Summary
----------

SUCCESS in the upgrade of kws_0 (xilinx.com:hls:kws:1.0) from (Rev. 2008241053) to (Rev. 2008241312)






Copyright 1986-2019 Xilinx, Inc. All Rights Reserved.
------------------------------------------------------------------------------------
| Tool Version : Vivado v.2019.2 (win64) Build 2708876 Wed Nov  6 21:40:23 MST 2019
| Date         : Mon Aug 24 10:58:28 2020
| Host         : LAPTOP-5KE3GPT6 running 64-bit major release  (build 9200)
| Command      : upgrade_ip
| Device       : xc7a200tfbg484-1
------------------------------------------------------------------------------------

Upgrade Log for IP 'kws_0'

1. Summary
----------

SUCCESS in the upgrade of kws_0 (xilinx.com:hls:kws:1.0) from (Rev. 2008232112) to (Rev. 2008241053)






Copyright 1986-2019 Xilinx, Inc. All Rights Reserved.
------------------------------------------------------------------------------------
| Tool Version : Vivado v.2019.2 (win64) Build 2708876 Wed Nov  6 21:40:23 MST 2019
| Date         : Sun Aug 23 21:15:15 2020
| Host         : LAPTOP-5KE3GPT6 running 64-bit major release  (build 9200)
| Command      : upgrade_ip
| Device       : xc7a200tfbg484-1
------------------------------------------------------------------------------------

Upgrade Log for IP 'kws_0'

1. Summary
----------

SUCCESS in the upgrade of kws_0 (xilinx.com:hls:kws:1.0) from (Rev. 2008171348) to (Rev. 2008232112)






Copyright 1986-2019 Xilinx, Inc. All Rights Reserved.
------------------------------------------------------------------------------------
| Tool Version : Vivado v.2019.2 (win64) Build 2708876 Wed Nov  6 21:40:23 MST 2019
| Date         : Mon Aug 17 13:52:04 2020
| Host         : LAPTOP-5KE3GPT6 running 64-bit major release  (build 9200)
| Command      : upgrade_ip
| Device       : xc7a200tfbg484-1
------------------------------------------------------------------------------------

Upgrade Log for IP 'kws_0'

1. Summary
----------

SUCCESS in the upgrade of kws_0 (xilinx.com:hls:kws:1.0) from (Rev. 2008171326) to (Rev. 2008171348)






Copyright 1986-2019 Xilinx, Inc. All Rights Reserved.
------------------------------------------------------------------------------------
| Tool Version : Vivado v.2019.2 (win64) Build 2708876 Wed Nov  6 21:40:23 MST 2019
| Date         : Mon Aug 17 13:29:38 2020
| Host         : LAPTOP-5KE3GPT6 running 64-bit major release  (build 9200)
| Command      : upgrade_ip
| Device       : xc7a200tfbg484-1
------------------------------------------------------------------------------------

Upgrade Log for IP 'kws_0'

1. Summary
----------

CAUTION (success, with warnings) in the upgrade of kws_0 (xilinx.com:hls:kws:1.0) from (Rev. 2008152158) to (Rev. 2008171326)

After upgrade, an IP may have parameter and port differences compared to the original customization. Please review the parameters within the IP customization GUI to ensure proper functionality. Also, please review the updated IP instantiation template to ensure proper connectivity, and update your design if required.

2. Connection Warnings
----------------------

Detected external port differences while upgrading 'kws_0'. These changes may impact your design.


-Upgraded port 'data_in_TDATA' width 32 differs from original width 16







Copyright 1986-2019 Xilinx, Inc. All Rights Reserved.
------------------------------------------------------------------------------------
| Tool Version : Vivado v.2019.2 (win64) Build 2708876 Wed Nov  6 21:40:23 MST 2019
| Date         : Sat Aug 15 22:14:14 2020
| Host         : LAPTOP-5KE3GPT6 running 64-bit major release  (build 9200)
| Command      : upgrade_ip
| Device       : xc7a200tfbg484-1
------------------------------------------------------------------------------------

Upgrade Log for IP 'kws_0'

1. Summary
----------

CAUTION (success, with warnings) in the upgrade of kws_0 (xilinx.com:hls:kws:1.0) from (Rev. 2008151439) to (Rev. 2008152158)

After upgrade, an IP may have parameter and port differences compared to the original customization. Please review the parameters within the IP customization GUI to ensure proper functionality. Also, please review the updated IP instantiation template to ensure proper connectivity, and update your design if required.

2. Interface Information
------------------------

Detected external interface differences while upgrading 'kws_0'.


-Upgrade has removed interface 'interrupt_r'


3. Connection Warnings
----------------------

Detected external port differences while upgrading 'kws_0'. These changes may impact your design.


-Upgrade has removed port 'interrupt_r'







Copyright 1986-2019 Xilinx, Inc. All Rights Reserved.
------------------------------------------------------------------------------------
| Tool Version : Vivado v.2019.2 (win64) Build 2708876 Wed Nov  6 21:40:23 MST 2019
| Date         : Sat Aug 15 14:42:14 2020
| Host         : LAPTOP-5KE3GPT6 running 64-bit major release  (build 9200)
| Command      : upgrade_ip
| Device       : xc7a200tfbg484-1
------------------------------------------------------------------------------------

Upgrade Log for IP 'kws_0'

1. Summary
----------

SUCCESS in the upgrade of kws_0 (xilinx.com:hls:kws:1.0) from (Rev. 2008141445) to (Rev. 2008151439)






Copyright 1986-2019 Xilinx, Inc. All Rights Reserved.
------------------------------------------------------------------------------------
| Tool Version : Vivado v.2019.2 (win64) Build 2708876 Wed Nov  6 21:40:23 MST 2019
| Date         : Fri Aug 14 14:49:06 2020
| Host         : LAPTOP-5KE3GPT6 running 64-bit major release  (build 9200)
| Command      : upgrade_ip
| Device       : xc7a200tfbg484-1
------------------------------------------------------------------------------------

Upgrade Log for IP 'kws_0'

1. Summary
----------

CAUTION (success, with warnings) in the upgrade of kws_0 (xilinx.com:hls:kws:1.0) from (Rev. 2008140020) to (Rev. 2008141445)

After upgrade, an IP may have parameter and port differences compared to the original customization. Please review the parameters within the IP customization GUI to ensure proper functionality. Also, please review the updated IP instantiation template to ensure proper connectivity, and update your design if required.

2. Interface Information
------------------------

Detected external interface differences while upgrading 'kws_0'.


-Upgrade has removed interface 'interrupt_r_i'

-Upgrade has removed interface 'interrupt_r_o'

-Upgrade has added interface 'interrupt_r' (xilinx.com:signal:data:1.0)


3. Connection Warnings
----------------------

Detected external port differences while upgrading 'kws_0'. These changes may impact your design.


-Upgrade has removed port 'interrupt_r_i'

-Upgrade has removed port 'interrupt_r_o'

-Upgrade has added port 'interrupt_r'







Copyright 1986-2019 Xilinx, Inc. All Rights Reserved.
------------------------------------------------------------------------------------
| Tool Version : Vivado v.2019.2 (win64) Build 2708876 Wed Nov  6 21:40:23 MST 2019
| Date         : Fri Aug 14 10:46:57 2020
| Host         : LAPTOP-5KE3GPT6 running 64-bit major release  (build 9200)
| Command      : upgrade_ip
| Device       : xc7a200tfbg484-1
------------------------------------------------------------------------------------

Upgrade Log for IP 'kws_0'

1. Summary
----------

SUCCESS in the upgrade of kws_0 (xilinx.com:hls:kws:1.0) from (Rev. 2008132330) to (Rev. 2008140020)






Copyright 1986-2019 Xilinx, Inc. All Rights Reserved.
------------------------------------------------------------------------------------
| Tool Version : Vivado v.2019.2 (win64) Build 2708876 Wed Nov  6 21:40:23 MST 2019
| Date         : Thu Aug 13 23:36:06 2020
| Host         : LAPTOP-5KE3GPT6 running 64-bit major release  (build 9200)
| Command      : upgrade_ip
| Device       : xc7a200tfbg484-1
------------------------------------------------------------------------------------

Upgrade Log for IP 'kws_0'

1. Summary
----------

CAUTION (success, with warnings) in the upgrade of kws_0 (xilinx.com:hls:kws:1.0) from (Rev. 2008091137) to (Rev. 2008132330)

After upgrade, an IP may have parameter and port differences compared to the original customization. Please review the parameters within the IP customization GUI to ensure proper functionality. Also, please review the updated IP instantiation template to ensure proper connectivity, and update your design if required.

2. Interface Information
------------------------

Detected external interface differences while upgrading 'kws_0'.


-Upgrade has added interface 'interrupt_r_i' (xilinx.com:signal:data:1.0)

-Upgrade has added interface 'interrupt_r_o' (xilinx.com:signal:data:1.0)


3. Connection Warnings
----------------------

Detected external port differences while upgrading 'kws_0'. These changes may impact your design.


-Upgrade has added port 'interrupt_r_i'

-Upgrade has added port 'interrupt_r_o'







Copyright 1986-2019 Xilinx, Inc. All Rights Reserved.
------------------------------------------------------------------------------------
| Tool Version : Vivado v.2019.2 (win64) Build 2708876 Wed Nov  6 21:40:23 MST 2019
| Date         : Sun Aug  9 11:41:42 2020
| Host         : LAPTOP-5KE3GPT6 running 64-bit major release  (build 9200)
| Command      : upgrade_ip
| Device       : xc7a200tfbg484-1
------------------------------------------------------------------------------------

Upgrade Log for IP 'kws_0'

1. Summary
----------

SUCCESS in the upgrade of kws_0 (xilinx.com:hls:kws:1.0) from (Rev. 2007220005) to (Rev. 2008091137)

