#-----------------------------------------------------------
# Vivado v2019.2 (64-bit)
# SW Build 2708876 on Wed Nov  6 21:40:23 MST 2019
# IP Build 2700528 on Thu Nov  7 00:09:20 MST 2019
# Start of session at: Sun Aug 23 21:08:10 2020
# Process ID: 5468
# Current directory: D:/wulian/DD/KWS-SOC-8bit-detective
# Command line: vivado.exe -gui_launcher_event rodinguilauncherevent8664 D:\wulian\DD\KWS-SOC-8bit-detective\KWS-SOC.xpr
# Log file: D:/wulian/DD/KWS-SOC-8bit-detective/vivado.log
# Journal file: D:/wulian/DD/KWS-SOC-8bit-detective\vivado.jou
#-----------------------------------------------------------
start_gui
open_project D:/wulian/DD/KWS-SOC-8bit-detective/KWS-SOC.xpr
INFO: [Project 1-313] Project file moved from 'D:/wulian/DD/KWS-SOC-8bit' since last save.
Scanning sources...
Finished scanning sources
INFO: [IP_Flow 19-234] Refreshing IP repositories
INFO: [IP_Flow 19-1700] Loaded user IP repository 'd:/wulian/DD/KWS-SOC-8bit-detective/kws-ip/ip'.
INFO: [IP_Flow 19-2313] Loaded Vivado IP repository 'D:/Xilinx/Vivado/2019.2/data/ip'.
open_project: Time (s): cpu = 00:00:25 ; elapsed = 00:00:32 . Memory (MB): peak = 901.191 ; gain = 289.590
WARNING: [IP_Flow 19-4318] IP-XACT file does not exist: d:/wulian/DD/KWS-SOC-8bit-detective/kws-ip/ip/component.xml. It will be created.
update_ip_catalog -rebuild -scan_changes
INFO: [IP_Flow 19-234] Refreshing IP repositories
INFO: [IP_Flow 19-1700] Loaded user IP repository 'd:/wulian/DD/KWS-SOC-8bit-detective/kws-ip/ip'.
report_ip_status -name ip_status
upgrade_ip -srcset kws_0 -vlnv xilinx.com:hls:kws:1.0 [get_ips  kws_0] -log ip_upgrade.log
Upgrading 'kws_0'
INFO: [Project 1-386] Moving file 'D:/wulian/DD/KWS-SOC-8bit-detective/KWS-SOC.srcs/sources_1/ip/kws_0/kws_0.xci' from fileset 'kws_0' to fileset 'sources_1'.
INFO: [IP_Flow 19-3422] Upgraded kws_0 (Kws 1.0) from revision 2008171348 to revision 2008232112
INFO: [IP_Flow 19-1686] Generating 'Instantiation Template' target for IP 'kws_0'...
INFO: [Coretcl 2-1525] Wrote upgrade log to 'D:/wulian/DD/KWS-SOC-8bit-detective/ip_upgrade.log'.
export_ip_user_files -of_objects [get_ips kws_0] -no_script -sync -force -quiet
report_ip_status -name ip_status 
reset_run synth_1
launch_runs impl_1 -to_step write_bitstream -jobs 8
INFO: [IP_Flow 19-1686] Generating 'Synthesis' target for IP 'kws_0'...
[Sun Aug 23 21:15:45 2020] Launched kws_0_synth_1, synth_1...
Run output will be captured here:
kws_0_synth_1: D:/wulian/DD/KWS-SOC-8bit-detective/KWS-SOC.runs/kws_0_synth_1/runme.log
synth_1: D:/wulian/DD/KWS-SOC-8bit-detective/KWS-SOC.runs/synth_1/runme.log
[Sun Aug 23 21:15:45 2020] Launched impl_1...
Run output will be captured here: D:/wulian/DD/KWS-SOC-8bit-detective/KWS-SOC.runs/impl_1/runme.log
launch_runs: Time (s): cpu = 00:00:05 ; elapsed = 00:00:16 . Memory (MB): peak = 1208.008 ; gain = 0.000
exit
INFO: [Common 17-206] Exiting Vivado at Sun Aug 23 23:45:44 2020...
