#-----------------------------------------------------------
# Vivado v2019.2 (64-bit)
# SW Build 2708876 on Wed Nov  6 21:40:23 MST 2019
# IP Build 2700528 on Thu Nov  7 00:09:20 MST 2019
# Start of session at: Tue Jun 30 11:06:39 2020
# Process ID: 4236
# Current directory: D:/wulian/kws_hls/kws_hls_1/kws_hls_1/solution1/impl/ip
# Command line: vivado.exe -notrace -mode batch -source run_ippack.tcl
# Log file: D:/wulian/kws_hls/kws_hls_1/kws_hls_1/solution1/impl/ip/vivado.log
# Journal file: D:/wulian/kws_hls/kws_hls_1/kws_hls_1/solution1/impl/ip\vivado.jou
#-----------------------------------------------------------
source run_ippack.tcl -notrace
INFO: [IP_Flow 19-234] Refreshing IP repositories
INFO: [IP_Flow 19-1704] No user IP repositories specified
INFO: [IP_Flow 19-2313] Loaded Vivado IP repository 'D:/Xilinx/Vivado/2019.2/data/ip'.
INFO: [IP_Flow 19-1686] Generating 'Synthesis' target for IP 'kws_ap_hadd_2_no_dsp_16'...
INFO: [IP_Flow 19-1686] Generating 'Simulation' target for IP 'kws_ap_hadd_2_no_dsp_16'...
INFO: [IP_Flow 19-1686] Generating 'Synthesis' target for IP 'kws_ap_hadd_3_full_dsp_16'...
INFO: [IP_Flow 19-1686] Generating 'Simulation' target for IP 'kws_ap_hadd_3_full_dsp_16'...
INFO: [IP_Flow 19-1686] Generating 'Synthesis' target for IP 'kws_ap_hcmp_0_no_dsp_16'...
INFO: [IP_Flow 19-1686] Generating 'Simulation' target for IP 'kws_ap_hcmp_0_no_dsp_16'...
INFO: [IP_Flow 19-1686] Generating 'Synthesis' target for IP 'kws_ap_hmul_2_max_dsp_16'...
INFO: [IP_Flow 19-1686] Generating 'Simulation' target for IP 'kws_ap_hmul_2_max_dsp_16'...
INFO: [IP_Flow 19-1686] Generating 'Synthesis' target for IP 'kws_ap_hptosp_0_no_dsp_16'...
INFO: [IP_Flow 19-1686] Generating 'Simulation' target for IP 'kws_ap_hptosp_0_no_dsp_16'...
INFO: [IP_Flow 19-1686] Generating 'Synthesis' target for IP 'kws_ap_hsub_3_full_dsp_16'...
INFO: [IP_Flow 19-1686] Generating 'Simulation' target for IP 'kws_ap_hsub_3_full_dsp_16'...
INFO: [IP_Flow 19-1686] Generating 'Synthesis' target for IP 'kws_ap_sptohp_0_no_dsp_32'...
INFO: [IP_Flow 19-1686] Generating 'Simulation' target for IP 'kws_ap_sptohp_0_no_dsp_32'...
INFO: [IP_Flow 19-234] Refreshing IP repositories
INFO: [IP_Flow 19-1704] No user IP repositories specified
INFO: [IP_Flow 19-2313] Loaded Vivado IP repository 'D:/Xilinx/Vivado/2019.2/data/ip'.
INFO: [Common 17-206] Exiting Vivado at Tue Jun 30 11:07:16 2020...
