
****** Vivado v2019.2 (64-bit)
  **** SW Build 2708876 on Wed Nov  6 21:40:23 MST 2019
  **** IP Build 2700528 on Thu Nov  7 00:09:20 MST 2019
    ** Copyright 1986-2019 Xilinx, Inc. All Rights Reserved.

source run_ippack.tcl -notrace
create_project: Time (s): cpu = 00:00:03 ; elapsed = 00:00:06 . Memory (MB): peak = 427.324 ; gain = 163.539
INFO: [IP_Flow 19-234] Refreshing IP repositories
INFO: [IP_Flow 19-1704] No user IP repositories specified
INFO: [IP_Flow 19-2313] Loaded Vivado IP repository 'D:/Xilinx/Vivado/2019.2/data/ip'.
create_ip: Time (s): cpu = 00:00:03 ; elapsed = 00:00:09 . Memory (MB): peak = 468.883 ; gain = 41.559
INFO: [IP_Flow 19-1686] Generating 'Synthesis' target for IP 'kws_ap_dadd_4_full_dsp_64'...
INFO: [IP_Flow 19-1686] Generating 'Simulation' target for IP 'kws_ap_dadd_4_full_dsp_64'...
WARNING: [IP_Flow 19-4832] The IP name 'kws_ap_dadddsub_4_full_dsp_64' you have specified is long. The Windows operating system has path length limitations. It is recommended you use shorter names to reduce the likelihood of issues.
INFO: [IP_Flow 19-1686] Generating 'Synthesis' target for IP 'kws_ap_dadddsub_4_full_dsp_64'...
INFO: [IP_Flow 19-1686] Generating 'Simulation' target for IP 'kws_ap_dadddsub_4_full_dsp_64'...
INFO: [IP_Flow 19-1686] Generating 'Synthesis' target for IP 'kws_ap_dcmp_0_no_dsp_64'...
INFO: [IP_Flow 19-1686] Generating 'Simulation' target for IP 'kws_ap_dcmp_0_no_dsp_64'...
WARNING: [IP_Flow 19-4832] The IP name 'kws_ap_dlog_29_full_dsp_64' you have specified is long. The Windows operating system has path length limitations. It is recommended you use shorter names to reduce the likelihood of issues.
INFO: [IP_Flow 19-1686] Generating 'Synthesis' target for IP 'kws_ap_dlog_29_full_dsp_64'...
INFO: [IP_Flow 19-1686] Generating 'Simulation' target for IP 'kws_ap_dlog_29_full_dsp_64'...
INFO: [IP_Flow 19-1686] Generating 'Synthesis' target for IP 'kws_ap_dmul_4_max_dsp_64'...
INFO: [IP_Flow 19-1686] Generating 'Simulation' target for IP 'kws_ap_dmul_4_max_dsp_64'...
INFO: [IP_Flow 19-1686] Generating 'Synthesis' target for IP 'kws_ap_fadd_3_full_dsp_32'...
INFO: [IP_Flow 19-1686] Generating 'Simulation' target for IP 'kws_ap_fadd_3_full_dsp_32'...
INFO: [IP_Flow 19-1686] Generating 'Synthesis' target for IP 'kws_ap_fadd_3_no_dsp_32'...
INFO: [IP_Flow 19-1686] Generating 'Simulation' target for IP 'kws_ap_fadd_3_no_dsp_32'...
WARNING: [IP_Flow 19-4832] The IP name 'kws_ap_faddfsub_3_full_dsp_32' you have specified is long. The Windows operating system has path length limitations. It is recommended you use shorter names to reduce the likelihood of issues.
INFO: [IP_Flow 19-1686] Generating 'Synthesis' target for IP 'kws_ap_faddfsub_3_full_dsp_32'...
INFO: [IP_Flow 19-1686] Generating 'Simulation' target for IP 'kws_ap_faddfsub_3_full_dsp_32'...
WARNING: [IP_Flow 19-4832] The IP name 'kws_ap_faddfsub_3_no_dsp_32' you have specified is long. The Windows operating system has path length limitations. It is recommended you use shorter names to reduce the likelihood of issues.
INFO: [IP_Flow 19-1686] Generating 'Synthesis' target for IP 'kws_ap_faddfsub_3_no_dsp_32'...
INFO: [IP_Flow 19-1686] Generating 'Simulation' target for IP 'kws_ap_faddfsub_3_no_dsp_32'...
INFO: [IP_Flow 19-1686] Generating 'Synthesis' target for IP 'kws_ap_fcmp_0_no_dsp_32'...
INFO: [IP_Flow 19-1686] Generating 'Simulation' target for IP 'kws_ap_fcmp_0_no_dsp_32'...
INFO: [IP_Flow 19-1686] Generating 'Synthesis' target for IP 'kws_ap_fdiv_14_no_dsp_32'...
INFO: [IP_Flow 19-1686] Generating 'Simulation' target for IP 'kws_ap_fdiv_14_no_dsp_32'...
INFO: [IP_Flow 19-1686] Generating 'Synthesis' target for IP 'kws_ap_fmul_2_max_dsp_32'...
INFO: [IP_Flow 19-1686] Generating 'Simulation' target for IP 'kws_ap_fmul_2_max_dsp_32'...
INFO: [IP_Flow 19-1686] Generating 'Synthesis' target for IP 'kws_ap_fpext_0_no_dsp_32'...
INFO: [IP_Flow 19-1686] Generating 'Simulation' target for IP 'kws_ap_fpext_0_no_dsp_32'...
WARNING: [IP_Flow 19-4832] The IP name 'kws_ap_fptrunc_0_no_dsp_64' you have specified is long. The Windows operating system has path length limitations. It is recommended you use shorter names to reduce the likelihood of issues.
INFO: [IP_Flow 19-1686] Generating 'Synthesis' target for IP 'kws_ap_fptrunc_0_no_dsp_64'...
INFO: [IP_Flow 19-1686] Generating 'Simulation' target for IP 'kws_ap_fptrunc_0_no_dsp_64'...
INFO: [IP_Flow 19-1686] Generating 'Synthesis' target for IP 'kws_ap_fsqrt_10_no_dsp_32'...
INFO: [IP_Flow 19-1686] Generating 'Simulation' target for IP 'kws_ap_fsqrt_10_no_dsp_32'...
INFO: [IP_Flow 19-1686] Generating 'Synthesis' target for IP 'kws_ap_fsub_3_full_dsp_32'...
INFO: [IP_Flow 19-1686] Generating 'Simulation' target for IP 'kws_ap_fsub_3_full_dsp_32'...
INFO: [IP_Flow 19-1686] Generating 'Synthesis' target for IP 'kws_ap_sitodp_4_no_dsp_32'...
INFO: [IP_Flow 19-1686] Generating 'Simulation' target for IP 'kws_ap_sitodp_4_no_dsp_32'...
INFO: [IP_Flow 19-1686] Generating 'Synthesis' target for IP 'kws_ap_sitofp_4_no_dsp_32'...
INFO: [IP_Flow 19-1686] Generating 'Simulation' target for IP 'kws_ap_sitofp_4_no_dsp_32'...
INFO: [IP_Flow 19-234] Refreshing IP repositories
INFO: [IP_Flow 19-1704] No user IP repositories specified
INFO: [IP_Flow 19-2313] Loaded Vivado IP repository 'D:/Xilinx/Vivado/2019.2/data/ip'.
INFO: [Common 17-206] Exiting Vivado at Mon Aug 24 13:14:27 2020...
