
****** Vivado v2019.2 (64-bit)
  **** SW Build 2708876 on Wed Nov  6 21:40:23 MST 2019
  **** IP Build 2700528 on Thu Nov  7 00:09:20 MST 2019
    ** Copyright 1986-2019 Xilinx, Inc. All Rights Reserved.

source run_ippack.tcl -notrace
INFO: [IP_Flow 19-234] Refreshing IP repositories
INFO: [IP_Flow 19-1704] No user IP repositories specified
INFO: [IP_Flow 19-2313] Loaded Vivado IP repository 'D:/Xilinx/Vivado/2019.2/data/ip'.
WARNING: [IP_Flow 19-4832] The IP name 'preprocess_ap_dcmp_0_no_dsp_64' you have specified is long. The Windows operating system has path length limitations. It is recommended you use shorter names to reduce the likelihood of issues.
INFO: [IP_Flow 19-1686] Generating 'Synthesis' target for IP 'preprocess_ap_dcmp_0_no_dsp_64'...
INFO: [IP_Flow 19-1686] Generating 'Simulation' target for IP 'preprocess_ap_dcmp_0_no_dsp_64'...
WARNING: [IP_Flow 19-4832] The IP name 'preprocess_ap_dlog_29_full_dsp_64' you have specified is long. The Windows operating system has path length limitations. It is recommended you use shorter names to reduce the likelihood of issues.
INFO: [IP_Flow 19-1686] Generating 'Synthesis' target for IP 'preprocess_ap_dlog_29_full_dsp_64'...
INFO: [IP_Flow 19-1686] Generating 'Simulation' target for IP 'preprocess_ap_dlog_29_full_dsp_64'...
WARNING: [IP_Flow 19-4832] The IP name 'preprocess_ap_fadd_3_full_dsp_32' you have specified is long. The Windows operating system has path length limitations. It is recommended you use shorter names to reduce the likelihood of issues.
INFO: [IP_Flow 19-1686] Generating 'Synthesis' target for IP 'preprocess_ap_fadd_3_full_dsp_32'...
INFO: [IP_Flow 19-1686] Generating 'Simulation' target for IP 'preprocess_ap_fadd_3_full_dsp_32'...
WARNING: [IP_Flow 19-4832] The IP name 'preprocess_ap_faddfsub_3_full_dsp_32' you have specified is long. The Windows operating system has path length limitations. It is recommended you use shorter names to reduce the likelihood of issues.
INFO: [IP_Flow 19-1686] Generating 'Synthesis' target for IP 'preprocess_ap_faddfsub_3_full_dsp_32'...
INFO: [IP_Flow 19-1686] Generating 'Simulation' target for IP 'preprocess_ap_faddfsub_3_full_dsp_32'...
WARNING: [IP_Flow 19-4832] The IP name 'preprocess_ap_faddfsub_3_no_dsp_32' you have specified is long. The Windows operating system has path length limitations. It is recommended you use shorter names to reduce the likelihood of issues.
INFO: [IP_Flow 19-1686] Generating 'Synthesis' target for IP 'preprocess_ap_faddfsub_3_no_dsp_32'...
INFO: [IP_Flow 19-1686] Generating 'Simulation' target for IP 'preprocess_ap_faddfsub_3_no_dsp_32'...
WARNING: [IP_Flow 19-4832] The IP name 'preprocess_ap_fmul_2_max_dsp_32' you have specified is long. The Windows operating system has path length limitations. It is recommended you use shorter names to reduce the likelihood of issues.
INFO: [IP_Flow 19-1686] Generating 'Synthesis' target for IP 'preprocess_ap_fmul_2_max_dsp_32'...
INFO: [IP_Flow 19-1686] Generating 'Simulation' target for IP 'preprocess_ap_fmul_2_max_dsp_32'...
WARNING: [IP_Flow 19-4832] The IP name 'preprocess_ap_fpext_0_no_dsp_32' you have specified is long. The Windows operating system has path length limitations. It is recommended you use shorter names to reduce the likelihood of issues.
INFO: [IP_Flow 19-1686] Generating 'Synthesis' target for IP 'preprocess_ap_fpext_0_no_dsp_32'...
INFO: [IP_Flow 19-1686] Generating 'Simulation' target for IP 'preprocess_ap_fpext_0_no_dsp_32'...
WARNING: [IP_Flow 19-4832] The IP name 'preprocess_ap_fptrunc_0_no_dsp_64' you have specified is long. The Windows operating system has path length limitations. It is recommended you use shorter names to reduce the likelihood of issues.
INFO: [IP_Flow 19-1686] Generating 'Synthesis' target for IP 'preprocess_ap_fptrunc_0_no_dsp_64'...
INFO: [IP_Flow 19-1686] Generating 'Simulation' target for IP 'preprocess_ap_fptrunc_0_no_dsp_64'...
WARNING: [IP_Flow 19-4832] The IP name 'preprocess_ap_fsqrt_10_no_dsp_32' you have specified is long. The Windows operating system has path length limitations. It is recommended you use shorter names to reduce the likelihood of issues.
INFO: [IP_Flow 19-1686] Generating 'Synthesis' target for IP 'preprocess_ap_fsqrt_10_no_dsp_32'...
INFO: [IP_Flow 19-1686] Generating 'Simulation' target for IP 'preprocess_ap_fsqrt_10_no_dsp_32'...
WARNING: [IP_Flow 19-4832] The IP name 'preprocess_ap_fsub_3_full_dsp_32' you have specified is long. The Windows operating system has path length limitations. It is recommended you use shorter names to reduce the likelihood of issues.
INFO: [IP_Flow 19-1686] Generating 'Synthesis' target for IP 'preprocess_ap_fsub_3_full_dsp_32'...
INFO: [IP_Flow 19-1686] Generating 'Simulation' target for IP 'preprocess_ap_fsub_3_full_dsp_32'...
INFO: [IP_Flow 19-234] Refreshing IP repositories
INFO: [IP_Flow 19-1704] No user IP repositories specified
INFO: [IP_Flow 19-2313] Loaded Vivado IP repository 'D:/Xilinx/Vivado/2019.2/data/ip'.
INFO: [Common 17-206] Exiting Vivado at Thu Jun 25 23:02:23 2020...
